
wifi_firmware.elf:     file format elf32-littleriscv


Disassembly of section .text:

00000000 <_start>:
   0:	30047073          	csrci	mstatus,8
   4:	30401073          	csrw	mie,zero
   8:	10000197          	auipc	gp,0x10000
   c:	7f818193          	addi	gp,gp,2040 # 10000800 <__global_pointer$>
  10:	10002117          	auipc	sp,0x10002
  14:	ff010113          	addi	sp,sp,-16 # 10002000 <_fstack>
  18:	00001297          	auipc	t0,0x1
  1c:	ef028293          	addi	t0,t0,-272 # f08 <_erodata>
  20:	10000317          	auipc	t1,0x10000
  24:	fe030313          	addi	t1,t1,-32 # 10000000 <g_cyw_dev>
  28:	10000397          	auipc	t2,0x10000
  2c:	fd838393          	addi	t2,t2,-40 # 10000000 <g_cyw_dev>
  30:	00735963          	bge	t1,t2,42 <_start+0x42>
  34:	0002ae03          	lw	t3,0(t0)
  38:	01c32023          	sw	t3,0(t1)
  3c:	0291                	addi	t0,t0,4
  3e:	0311                	addi	t1,t1,4
  40:	bfc5                	j	30 <_start+0x30>
  42:	10000297          	auipc	t0,0x10000
  46:	fbe28293          	addi	t0,t0,-66 # 10000000 <g_cyw_dev>
  4a:	10001317          	auipc	t1,0x10001
  4e:	02e30313          	addi	t1,t1,46 # 10001078 <_bss_end>
  52:	0062d663          	bge	t0,t1,5e <_start+0x5e>
  56:	0002a023          	sw	zero,0(t0)
  5a:	0291                	addi	t0,t0,4
  5c:	bfdd                	j	52 <_start+0x52>
  5e:	2021                	jal	66 <main>
  60:	10500073          	wfi
  64:	bff5                	j	60 <_start+0x60>

00000066 <main>:
  66:	7119                	addi	sp,sp,-128
  68:	de86                	sw	ra,124(sp)
  6a:	601000ef          	jal	e6a <litex_get_sdio_ops>
  6e:	2961                	jal	506 <cyw_init>
  70:	c119                	beqz	a0,76 <main+0x10>
  72:	2da1                	jal	6ca <cyw_deinit>
  74:	a001                	j	74 <main+0xe>
  76:	0808                	addi	a0,sp,16
  78:	2711                	jal	77c <cyw_get_chip_info>
  7a:	270d                	jal	79c <cyw_get_state>
  7c:	4789                	li	a5,2
  7e:	00a7f463          	bgeu	a5,a0,86 <main+0x20>
  82:	25e9                	jal	74c <cyw_up>
  84:	f57d                	bnez	a0,72 <main+0xc>
  86:	dca2                	sw	s0,120(sp)
  88:	2f11                	jal	79c <cyw_get_state>
  8a:	478d                	li	a5,3
  8c:	02a7e163          	bltu	a5,a0,ae <main+0x48>
  90:	6461                	lui	s0,0x18
  92:	69f40413          	addi	s0,s0,1695 # 1869f <_erodata+0x17797>
  96:	2f01                	jal	7a6 <cyw_poll>
  98:	d802                	sw	zero,48(sp)
  9a:	57c2                	lw	a5,48(sp)
  9c:	fef44de3          	blt	s0,a5,96 <main+0x30>
  a0:	57c2                	lw	a5,48(sp)
  a2:	0785                	addi	a5,a5,1
  a4:	d83e                	sw	a5,48(sp)
  a6:	57c2                	lw	a5,48(sp)
  a8:	fef45ce3          	bge	s0,a5,a0 <main+0x3a>
  ac:	b7ed                	j	96 <main+0x30>
  ae:	6505                	lui	a0,0x1
  b0:	4681                	li	a3,0
  b2:	858a                	mv	a1,sp
  b4:	4619                	li	a2,6
  b6:	eb850513          	addi	a0,a0,-328 # eb8 <_frodata>
  ba:	2e69                	jal	454 <cyw_iovar>
  bc:	1808                	addi	a0,sp,48
  be:	04000613          	li	a2,64
  c2:	4581                	li	a1,0
  c4:	5af000ef          	jal	e72 <memset>
  c8:	6505                	lui	a0,0x1
  ca:	180c                	addi	a1,sp,48
  cc:	4681                	li	a3,0
  ce:	03f00613          	li	a2,63
  d2:	ec850513          	addi	a0,a0,-312 # ec8 <_frodata+0x10>
  d6:	2ebd                	jal	454 <cyw_iovar>
  d8:	6505                	lui	a0,0x1
  da:	6799                	lui	a5,0x6
  dc:	a4b78793          	addi	a5,a5,-1461 # 5a4b <_erodata+0x4b43>
  e0:	002c                	addi	a1,sp,8
  e2:	4685                	li	a3,1
  e4:	4621                	li	a2,8
  e6:	ecc50513          	addi	a0,a0,-308 # ecc <_frodata+0x14>
  ea:	c43e                	sw	a5,8(sp)
  ec:	c602                	sw	zero,12(sp)
  ee:	269d                	jal	454 <cyw_iovar>
  f0:	b745                	j	90 <main+0x2a>

000000f2 <recv_sdpcm_frame>:
  f2:	7139                	addi	sp,sp,-64
  f4:	da26                	sw	s1,52(sp)
  f6:	100004b7          	lui	s1,0x10000
  fa:	dc22                	sw	s0,56(sp)
  fc:	00048493          	mv	s1,s1
 100:	6405                	lui	s0,0x1
 102:	9426                	add	s0,s0,s1
 104:	503c                	lw	a5,96(s0)
 106:	de06                	sw	ra,60(sp)
 108:	cbe1                	beqz	a5,1d8 <recv_sdpcm_frame+0xe6>
 10a:	4b9c                	lw	a5,16(a5)
 10c:	c7f1                	beqz	a5,1d8 <recv_sdpcm_frame+0xe6>
 10e:	d84a                	sw	s2,48(sp)
 110:	d64e                	sw	s3,44(sp)
 112:	d452                	sw	s4,40(sp)
 114:	89b2                	mv	s3,a2
 116:	8a2e                	mv	s4,a1
 118:	892a                	mv	s2,a0
 11a:	4705                	li	a4,1
 11c:	4691                	li	a3,4
 11e:	0870                	addi	a2,sp,28
 120:	4581                	li	a1,0
 122:	4509                	li	a0,2
 124:	9782                	jalr	a5
 126:	e95d                	bnez	a0,1dc <recv_sdpcm_frame+0xea>
 128:	01c15683          	lhu	a3,28(sp)
 12c:	7ff00713          	li	a4,2047
 130:	fff68793          	addi	a5,a3,-1
 134:	07c2                	slli	a5,a5,0x10
 136:	83c1                	srli	a5,a5,0x10
 138:	08f76d63          	bltu	a4,a5,1d2 <recv_sdpcm_frame+0xe0>
 13c:	503c                	lw	a5,96(s0)
 13e:	cbd1                	beqz	a5,1d2 <recv_sdpcm_frame+0xe0>
 140:	4b9c                	lw	a5,16(a5)
 142:	cbc1                	beqz	a5,1d2 <recv_sdpcm_frame+0xe0>
 144:	10001837          	lui	a6,0x10001
 148:	86080613          	addi	a2,a6,-1952 # 10000860 <__global_pointer$+0x60>
 14c:	4705                	li	a4,1
 14e:	4581                	li	a1,0
 150:	4509                	li	a0,2
 152:	9782                	jalr	a5
 154:	87aa                	mv	a5,a0
 156:	e159                	bnez	a0,1dc <recv_sdpcm_frame+0xea>
 158:	86045683          	lhu	a3,-1952(s0) # 860 <litex_sdio_cmd53_write+0xe>
 15c:	86245603          	lhu	a2,-1950(s0)
 160:	6741                	lui	a4,0x10
 162:	177d                	addi	a4,a4,-1 # ffff <_erodata+0xf0f7>
 164:	8eb1                	xor	a3,a3,a2
 166:	06e69663          	bne	a3,a4,1d2 <recv_sdpcm_frame+0xe0>
 16a:	86844583          	lbu	a1,-1944(s0)
 16e:	86944603          	lbu	a2,-1943(s0)
 172:	86444683          	lbu	a3,-1948(s0)
 176:	86544703          	lbu	a4,-1947(s0)
 17a:	04b48e23          	sb	a1,92(s1) # 1000005c <g_cyw_dev+0x5c>
 17e:	04c48da3          	sb	a2,91(s1)
 182:	04d48d23          	sb	a3,90(s1)
 186:	00e90023          	sb	a4,0(s2)
 18a:	86744583          	lbu	a1,-1945(s0)
 18e:	86045603          	lhu	a2,-1952(s0)
 192:	10001837          	lui	a6,0x10001
 196:	8e0d                	sub	a2,a2,a1
 198:	00c9a023          	sw	a2,0(s3)
 19c:	ea11                	bnez	a2,1b0 <recv_sdpcm_frame+0xbe>
 19e:	5942                	lw	s2,48(sp)
 1a0:	59b2                	lw	s3,44(sp)
 1a2:	5a22                	lw	s4,40(sp)
 1a4:	50f2                	lw	ra,60(sp)
 1a6:	5462                	lw	s0,56(sp)
 1a8:	54d2                	lw	s1,52(sp)
 1aa:	853e                	mv	a0,a5
 1ac:	6121                	addi	sp,sp,64
 1ae:	8082                	ret
 1b0:	86080813          	addi	a6,a6,-1952 # 10000860 <__global_pointer$+0x60>
 1b4:	c62a                	sw	a0,12(sp)
 1b6:	95c2                	add	a1,a1,a6
 1b8:	8552                	mv	a0,s4
 1ba:	4cd000ef          	jal	e86 <memcpy>
 1be:	47b2                	lw	a5,12(sp)
 1c0:	50f2                	lw	ra,60(sp)
 1c2:	5462                	lw	s0,56(sp)
 1c4:	5942                	lw	s2,48(sp)
 1c6:	59b2                	lw	s3,44(sp)
 1c8:	5a22                	lw	s4,40(sp)
 1ca:	54d2                	lw	s1,52(sp)
 1cc:	853e                	mv	a0,a5
 1ce:	6121                	addi	sp,sp,64
 1d0:	8082                	ret
 1d2:	5942                	lw	s2,48(sp)
 1d4:	59b2                	lw	s3,44(sp)
 1d6:	5a22                	lw	s4,40(sp)
 1d8:	57f5                	li	a5,-3
 1da:	b7e9                	j	1a4 <recv_sdpcm_frame+0xb2>
 1dc:	5942                	lw	s2,48(sp)
 1de:	59b2                	lw	s3,44(sp)
 1e0:	5a22                	lw	s4,40(sp)
 1e2:	57e9                	li	a5,-6
 1e4:	b7c1                	j	1a4 <recv_sdpcm_frame+0xb2>

000001e6 <set_backplane_window>:
 1e6:	1141                	addi	sp,sp,-16
 1e8:	c422                	sw	s0,8(sp)
 1ea:	10000437          	lui	s0,0x10000
 1ee:	00040413          	mv	s0,s0
 1f2:	05844783          	lbu	a5,88(s0) # 10000058 <g_cyw_dev+0x58>
 1f6:	c226                	sw	s1,4(sp)
 1f8:	7761                	lui	a4,0xffff8
 1fa:	c606                	sw	ra,12(sp)
 1fc:	00e574b3          	and	s1,a0,a4
 200:	c781                	beqz	a5,208 <set_backplane_window+0x22>
 202:	487c                	lw	a5,84(s0)
 204:	06978263          	beq	a5,s1,268 <set_backplane_window+0x82>
 208:	c04a                	sw	s2,0(sp)
 20a:	6905                	lui	s2,0x1
 20c:	9922                	add	s2,s2,s0
 20e:	06092783          	lw	a5,96(s2) # 1060 <_erodata+0x158>
 212:	c7a5                	beqz	a5,27a <set_backplane_window+0x94>
 214:	47dc                	lw	a5,12(a5)
 216:	c3b5                	beqz	a5,27a <set_backplane_window+0x94>
 218:	0084d613          	srli	a2,s1,0x8
 21c:	65c1                	lui	a1,0x10
 21e:	08067613          	andi	a2,a2,128
 222:	05a9                	addi	a1,a1,10 # 1000a <_erodata+0xf102>
 224:	4505                	li	a0,1
 226:	9782                	jalr	a5
 228:	e531                	bnez	a0,274 <set_backplane_window+0x8e>
 22a:	06092783          	lw	a5,96(s2)
 22e:	c7b1                	beqz	a5,27a <set_backplane_window+0x94>
 230:	47dc                	lw	a5,12(a5)
 232:	c7a1                	beqz	a5,27a <set_backplane_window+0x94>
 234:	0104d613          	srli	a2,s1,0x10
 238:	65c1                	lui	a1,0x10
 23a:	0ff67613          	zext.b	a2,a2
 23e:	05ad                	addi	a1,a1,11 # 1000b <_erodata+0xf103>
 240:	4505                	li	a0,1
 242:	9782                	jalr	a5
 244:	e905                	bnez	a0,274 <set_backplane_window+0x8e>
 246:	06092783          	lw	a5,96(s2)
 24a:	cb85                	beqz	a5,27a <set_backplane_window+0x94>
 24c:	47dc                	lw	a5,12(a5)
 24e:	c795                	beqz	a5,27a <set_backplane_window+0x94>
 250:	65c1                	lui	a1,0x10
 252:	05b1                	addi	a1,a1,12 # 1000c <_erodata+0xf104>
 254:	0184d613          	srli	a2,s1,0x18
 258:	4505                	li	a0,1
 25a:	9782                	jalr	a5
 25c:	ed01                	bnez	a0,274 <set_backplane_window+0x8e>
 25e:	4902                	lw	s2,0(sp)
 260:	4785                	li	a5,1
 262:	c864                	sw	s1,84(s0)
 264:	04f40c23          	sb	a5,88(s0)
 268:	4501                	li	a0,0
 26a:	40b2                	lw	ra,12(sp)
 26c:	4422                	lw	s0,8(sp)
 26e:	4492                	lw	s1,4(sp)
 270:	0141                	addi	sp,sp,16
 272:	8082                	ret
 274:	4902                	lw	s2,0(sp)
 276:	5569                	li	a0,-6
 278:	bfcd                	j	26a <set_backplane_window+0x84>
 27a:	4902                	lw	s2,0(sp)
 27c:	5575                	li	a0,-3
 27e:	b7f5                	j	26a <set_backplane_window+0x84>

00000280 <cyw_sdio_read32>:
 280:	1101                	addi	sp,sp,-32
 282:	cc22                	sw	s0,24(sp)
 284:	ca26                	sw	s1,20(sp)
 286:	ce06                	sw	ra,28(sp)
 288:	84ae                	mv	s1,a1
 28a:	842a                	mv	s0,a0
 28c:	3fa9                	jal	1e6 <set_backplane_window>
 28e:	c511                	beqz	a0,29a <cyw_sdio_read32+0x1a>
 290:	40f2                	lw	ra,28(sp)
 292:	4462                	lw	s0,24(sp)
 294:	44d2                	lw	s1,20(sp)
 296:	6105                	addi	sp,sp,32
 298:	8082                	ret
 29a:	100017b7          	lui	a5,0x10001
 29e:	0607a783          	lw	a5,96(a5) # 10001060 <__global_pointer$+0x860>
 2a2:	c79d                	beqz	a5,2d0 <cyw_sdio_read32+0x50>
 2a4:	4b9c                	lw	a5,16(a5)
 2a6:	c78d                	beqz	a5,2d0 <cyw_sdio_read32+0x50>
 2a8:	01041593          	slli	a1,s0,0x10
 2ac:	66a1                	lui	a3,0x8
 2ae:	81c1                	srli	a1,a1,0x10
 2b0:	4705                	li	a4,1
 2b2:	8dd5                	or	a1,a1,a3
 2b4:	853a                	mv	a0,a4
 2b6:	4691                	li	a3,4
 2b8:	0070                	addi	a2,sp,12
 2ba:	9782                	jalr	a5
 2bc:	e901                	bnez	a0,2cc <cyw_sdio_read32+0x4c>
 2be:	47b2                	lw	a5,12(sp)
 2c0:	40f2                	lw	ra,28(sp)
 2c2:	4462                	lw	s0,24(sp)
 2c4:	c09c                	sw	a5,0(s1)
 2c6:	44d2                	lw	s1,20(sp)
 2c8:	6105                	addi	sp,sp,32
 2ca:	8082                	ret
 2cc:	5569                	li	a0,-6
 2ce:	b7c9                	j	290 <cyw_sdio_read32+0x10>
 2d0:	5575                	li	a0,-3
 2d2:	bf7d                	j	290 <cyw_sdio_read32+0x10>

000002d4 <cyw_ioctl>:
 2d4:	dc010113          	addi	sp,sp,-576
 2d8:	23212823          	sw	s2,560(sp)
 2dc:	10000937          	lui	s2,0x10000
 2e0:	00090913          	mv	s2,s2
 2e4:	00092703          	lw	a4,0(s2) # 10000000 <g_cyw_dev>
 2e8:	22112e23          	sw	ra,572(sp)
 2ec:	4789                	li	a5,2
 2ee:	14e7ff63          	bgeu	a5,a4,44c <cyw_ioctl+0x178>
 2f2:	05e95783          	lhu	a5,94(s2)
 2f6:	23312623          	sw	s3,556(sp)
 2fa:	23412423          	sw	s4,552(sp)
 2fe:	23512223          	sw	s5,548(sp)
 302:	22812c23          	sw	s0,568(sp)
 306:	22912a23          	sw	s1,564(sp)
 30a:	d02a                	sw	a0,32(sp)
 30c:	d232                	sw	a2,36(sp)
 30e:	01079713          	slli	a4,a5,0x10
 312:	8aae                	mv	s5,a1
 314:	89b2                	mv	s3,a2
 316:	8a36                	mv	s4,a3
 318:	0785                	addi	a5,a5,1
 31a:	0e069b63          	bnez	a3,410 <cyw_ioctl+0x13c>
 31e:	02076713          	ori	a4,a4,32
 322:	d43a                	sw	a4,40(sp)
 324:	04f91f23          	sh	a5,94(s2)
 328:	d602                	sw	zero,44(sp)
 32a:	10000437          	lui	s0,0x10000
 32e:	4631                	li	a2,12
 330:	4581                	li	a1,0
 332:	06040513          	addi	a0,s0,96 # 10000060 <g_cyw_dev+0x60>
 336:	33d000ef          	jal	e72 <memset>
 33a:	05994703          	lbu	a4,89(s2)
 33e:	01c98793          	addi	a5,s3,28
 342:	07c2                	slli	a5,a5,0x10
 344:	83c1                	srli	a5,a5,0x10
 346:	46b1                	li	a3,12
 348:	fff7c593          	not	a1,a5
 34c:	00170613          	addi	a2,a4,1 # ffff8001 <_fstack+0xefff6001>
 350:	01098493          	addi	s1,s3,16
 354:	060902a3          	sb	zero,101(s2)
 358:	06f91023          	sh	a5,96(s2)
 35c:	06b91123          	sh	a1,98(s2)
 360:	06e90223          	sb	a4,100(s2)
 364:	04c90ca3          	sb	a2,89(s2)
 368:	06d903a3          	sb	a3,103(s2)
 36c:	ecdd                	bnez	s1,42a <cyw_ioctl+0x156>
 36e:	6485                	lui	s1,0x1
 370:	94ca                	add	s1,s1,s2
 372:	50bc                	lw	a5,96(s1)
 374:	cff1                	beqz	a5,450 <cyw_ioctl+0x17c>
 376:	4bdc                	lw	a5,20(a5)
 378:	cfe1                	beqz	a5,450 <cyw_ioctl+0x17c>
 37a:	01f98693          	addi	a3,s3,31
 37e:	06040613          	addi	a2,s0,96
 382:	9af1                	andi	a3,a3,-4
 384:	4705                	li	a4,1
 386:	4581                	li	a1,0
 388:	4509                	li	a0,2
 38a:	9782                	jalr	a5
 38c:	ed55                	bnez	a0,448 <cyw_ioctl+0x174>
 38e:	06400413          	li	s0,100
 392:	a801                	j	3a2 <cyw_ioctl+0xce>
 394:	50bc                	lw	a5,96(s1)
 396:	c781                	beqz	a5,39e <cyw_ioctl+0xca>
 398:	57dc                	lw	a5,44(a5)
 39a:	c391                	beqz	a5,39e <cyw_ioctl+0xca>
 39c:	9782                	jalr	a5
 39e:	147d                	addi	s0,s0,-1
 3a0:	cc51                	beqz	s0,43c <cyw_ioctl+0x168>
 3a2:	0870                	addi	a2,sp,28
 3a4:	100c                	addi	a1,sp,32
 3a6:	01b10513          	addi	a0,sp,27
 3aa:	33a1                	jal	f2 <recv_sdpcm_frame>
 3ac:	87aa                	mv	a5,a0
 3ae:	4505                	li	a0,1
 3b0:	f3f5                	bnez	a5,394 <cyw_ioctl+0xc0>
 3b2:	01b14703          	lbu	a4,27(sp)
 3b6:	ff79                	bnez	a4,394 <cyw_ioctl+0xc0>
 3b8:	05e95703          	lhu	a4,94(s2)
 3bc:	02a15683          	lhu	a3,42(sp)
 3c0:	177d                	addi	a4,a4,-1
 3c2:	fce699e3          	bne	a3,a4,394 <cyw_ioctl+0xc0>
 3c6:	5732                	lw	a4,44(sp)
 3c8:	ef25                	bnez	a4,440 <cyw_ioctl+0x16c>
 3ca:	00aa4733          	xor	a4,s4,a0
 3ce:	015036b3          	snez	a3,s5
 3d2:	8f75                	and	a4,a4,a3
 3d4:	cf01                	beqz	a4,3ec <cyw_ioctl+0x118>
 3d6:	00098b63          	beqz	s3,3ec <cyw_ioctl+0x118>
 3da:	5612                	lw	a2,36(sp)
 3dc:	06c9e463          	bltu	s3,a2,444 <cyw_ioctl+0x170>
 3e0:	8556                	mv	a0,s5
 3e2:	180c                	addi	a1,sp,48
 3e4:	c63e                	sw	a5,12(sp)
 3e6:	2a1000ef          	jal	e86 <memcpy>
 3ea:	47b2                	lw	a5,12(sp)
 3ec:	23812403          	lw	s0,568(sp)
 3f0:	23412483          	lw	s1,564(sp)
 3f4:	22c12983          	lw	s3,556(sp)
 3f8:	22812a03          	lw	s4,552(sp)
 3fc:	22412a83          	lw	s5,548(sp)
 400:	23c12083          	lw	ra,572(sp)
 404:	23012903          	lw	s2,560(sp)
 408:	853e                	mv	a0,a5
 40a:	24010113          	addi	sp,sp,576
 40e:	8082                	ret
 410:	02276713          	ori	a4,a4,34
 414:	d43a                	sw	a4,40(sp)
 416:	04f91f23          	sh	a5,94(s2)
 41a:	d602                	sw	zero,44(sp)
 41c:	d619                	beqz	a2,32a <cyw_ioctl+0x56>
 41e:	f00586e3          	beqz	a1,32a <cyw_ioctl+0x56>
 422:	1808                	addi	a0,sp,48
 424:	263000ef          	jal	e86 <memcpy>
 428:	b709                	j	32a <cyw_ioctl+0x56>
 42a:	10000537          	lui	a0,0x10000
 42e:	8626                	mv	a2,s1
 430:	100c                	addi	a1,sp,32
 432:	06c50513          	addi	a0,a0,108 # 1000006c <g_cyw_dev+0x6c>
 436:	251000ef          	jal	e86 <memcpy>
 43a:	bf15                	j	36e <cyw_ioctl+0x9a>
 43c:	57f9                	li	a5,-2
 43e:	b77d                	j	3ec <cyw_ioctl+0x118>
 440:	57fd                	li	a5,-1
 442:	b76d                	j	3ec <cyw_ioctl+0x118>
 444:	864e                	mv	a2,s3
 446:	bf69                	j	3e0 <cyw_ioctl+0x10c>
 448:	57e9                	li	a5,-6
 44a:	b74d                	j	3ec <cyw_ioctl+0x118>
 44c:	57e1                	li	a5,-8
 44e:	bf4d                	j	400 <cyw_ioctl+0x12c>
 450:	57f5                	li	a5,-3
 452:	bf69                	j	3ec <cyw_ioctl+0x118>

00000454 <cyw_iovar>:
 454:	7169                	addi	sp,sp,-304
 456:	12812423          	sw	s0,296(sp)
 45a:	12912223          	sw	s1,292(sp)
 45e:	13212023          	sw	s2,288(sp)
 462:	84b2                	mv	s1,a2
 464:	11312e23          	sw	s3,284(sp)
 468:	11412c23          	sw	s4,280(sp)
 46c:	12112623          	sw	ra,300(sp)
 470:	89ae                	mv	s3,a1
 472:	8436                	mv	s0,a3
 474:	8a2a                	mv	s4,a0
 476:	229000ef          	jal	e9e <strlen>
 47a:	00150613          	addi	a2,a0,1
 47e:	00960933          	add	s2,a2,s1
 482:	10000793          	li	a5,256
 486:	0727ee63          	bltu	a5,s2,502 <cyw_iovar+0xae>
 48a:	85d2                	mv	a1,s4
 48c:	0808                	addi	a0,sp,16
 48e:	c432                	sw	a2,8(sp)
 490:	1f7000ef          	jal	e86 <memcpy>
 494:	00144713          	xori	a4,s0,1
 498:	10640793          	addi	a5,s0,262
 49c:	c099                	beqz	s1,4a2 <cyw_iovar+0x4e>
 49e:	02099763          	bnez	s3,4cc <cyw_iovar+0x78>
 4a2:	86a2                	mv	a3,s0
 4a4:	864a                	mv	a2,s2
 4a6:	080c                	addi	a1,sp,16
 4a8:	853e                	mv	a0,a5
 4aa:	352d                	jal	2d4 <cyw_ioctl>
 4ac:	842a                	mv	s0,a0
 4ae:	12c12083          	lw	ra,300(sp)
 4b2:	8522                	mv	a0,s0
 4b4:	12812403          	lw	s0,296(sp)
 4b8:	12412483          	lw	s1,292(sp)
 4bc:	12012903          	lw	s2,288(sp)
 4c0:	11c12983          	lw	s3,284(sp)
 4c4:	11812a03          	lw	s4,280(sp)
 4c8:	6155                	addi	sp,sp,304
 4ca:	8082                	ret
 4cc:	4622                	lw	a2,8(sp)
 4ce:	c63e                	sw	a5,12(sp)
 4d0:	85ce                	mv	a1,s3
 4d2:	01060793          	addi	a5,a2,16
 4d6:	00278a33          	add	s4,a5,sp
 4da:	8626                	mv	a2,s1
 4dc:	8552                	mv	a0,s4
 4de:	c43a                	sw	a4,8(sp)
 4e0:	1a7000ef          	jal	e86 <memcpy>
 4e4:	4532                	lw	a0,12(sp)
 4e6:	86a2                	mv	a3,s0
 4e8:	864a                	mv	a2,s2
 4ea:	080c                	addi	a1,sp,16
 4ec:	33e5                	jal	2d4 <cyw_ioctl>
 4ee:	842a                	mv	s0,a0
 4f0:	fd5d                	bnez	a0,4ae <cyw_iovar+0x5a>
 4f2:	4722                	lw	a4,8(sp)
 4f4:	df4d                	beqz	a4,4ae <cyw_iovar+0x5a>
 4f6:	8626                	mv	a2,s1
 4f8:	85d2                	mv	a1,s4
 4fa:	854e                	mv	a0,s3
 4fc:	18b000ef          	jal	e86 <memcpy>
 500:	b77d                	j	4ae <cyw_iovar+0x5a>
 502:	5471                	li	s0,-4
 504:	b76d                	j	4ae <cyw_iovar+0x5a>

00000506 <cyw_init>:
 506:	1c050063          	beqz	a0,6c6 <cyw_init+0x1c0>
 50a:	7179                	addi	sp,sp,-48
 50c:	ce4e                	sw	s3,28(sp)
 50e:	6605                	lui	a2,0x1
 510:	100009b7          	lui	s3,0x10000
 514:	d422                	sw	s0,40(sp)
 516:	06460613          	addi	a2,a2,100 # 1064 <_erodata+0x15c>
 51a:	842a                	mv	s0,a0
 51c:	4581                	li	a1,0
 51e:	00098513          	mv	a0,s3
 522:	d226                	sw	s1,36(sp)
 524:	d606                	sw	ra,44(sp)
 526:	14d000ef          	jal	e72 <memset>
 52a:	401c                	lw	a5,0(s0)
 52c:	00098993          	mv	s3,s3
 530:	6485                	lui	s1,0x1
 532:	94ce                	add	s1,s1,s3
 534:	d0a0                	sw	s0,96(s1)
 536:	0009a023          	sw	zero,0(s3) # 10000000 <g_cyw_dev>
 53a:	16078b63          	beqz	a5,6b0 <cyw_init+0x1aa>
 53e:	9782                	jalr	a5
 540:	18051163          	bnez	a0,6c2 <cyw_init+0x1bc>
 544:	50a0                	lw	s0,96(s1)
 546:	d04a                	sw	s2,32(sp)
 548:	4c5c                	lw	a5,28(s0)
 54a:	c789                	beqz	a5,554 <cyw_init+0x4e>
 54c:	4585                	li	a1,1
 54e:	852e                	mv	a0,a1
 550:	9782                	jalr	a5
 552:	50a0                	lw	s0,96(s1)
 554:	06300913          	li	s2,99
 558:	00b10613          	addi	a2,sp,11
 55c:	458d                	li	a1,3
 55e:	4501                	li	a0,0
 560:	cc19                	beqz	s0,57e <cyw_init+0x78>
 562:	441c                	lw	a5,8(s0)
 564:	cb89                	beqz	a5,576 <cyw_init+0x70>
 566:	9782                	jalr	a5
 568:	e509                	bnez	a0,572 <cyw_init+0x6c>
 56a:	00b14783          	lbu	a5,11(sp)
 56e:	8b89                	andi	a5,a5,2
 570:	ef81                	bnez	a5,588 <cyw_init+0x82>
 572:	50a0                	lw	s0,96(s1)
 574:	c409                	beqz	s0,57e <cyw_init+0x78>
 576:	545c                	lw	a5,44(s0)
 578:	4505                	li	a0,1
 57a:	c391                	beqz	a5,57e <cyw_init+0x78>
 57c:	9782                	jalr	a5
 57e:	12090b63          	beqz	s2,6b4 <cyw_init+0x1ae>
 582:	50a0                	lw	s0,96(s1)
 584:	197d                	addi	s2,s2,-1
 586:	bfc9                	j	558 <cyw_init+0x52>
 588:	12090663          	beqz	s2,6b4 <cyw_init+0x1ae>
 58c:	50bc                	lw	a5,96(s1)
 58e:	4f98                	lw	a4,24(a5)
 590:	cf11                	beqz	a4,5ac <cyw_init+0xa6>
 592:	04000593          	li	a1,64
 596:	4505                	li	a0,1
 598:	9702                	jalr	a4
 59a:	50bc                	lw	a5,96(s1)
 59c:	20000593          	li	a1,512
 5a0:	4509                	li	a0,2
 5a2:	4f9c                	lw	a5,24(a5)
 5a4:	9782                	jalr	a5
 5a6:	50bc                	lw	a5,96(s1)
 5a8:	10078963          	beqz	a5,6ba <cyw_init+0x1b4>
 5ac:	47dc                	lw	a5,12(a5)
 5ae:	10078663          	beqz	a5,6ba <cyw_init+0x1b4>
 5b2:	65c1                	lui	a1,0x10
 5b4:	05b9                	addi	a1,a1,14 # 1000e <_erodata+0xf106>
 5b6:	4621                	li	a2,8
 5b8:	4505                	li	a0,1
 5ba:	9782                	jalr	a5
 5bc:	06400413          	li	s0,100
 5c0:	c909                	beqz	a0,5d2 <cyw_init+0xcc>
 5c2:	a04d                	j	664 <cyw_init+0x15e>
 5c4:	50bc                	lw	a5,96(s1)
 5c6:	c781                	beqz	a5,5ce <cyw_init+0xc8>
 5c8:	57dc                	lw	a5,44(a5)
 5ca:	c391                	beqz	a5,5ce <cyw_init+0xc8>
 5cc:	9782                	jalr	a5
 5ce:	147d                	addi	s0,s0,-1
 5d0:	c075                	beqz	s0,6b4 <cyw_init+0x1ae>
 5d2:	50bc                	lw	a5,96(s1)
 5d4:	65c1                	lui	a1,0x10
 5d6:	0070                	addi	a2,sp,12
 5d8:	05b9                	addi	a1,a1,14 # 1000e <_erodata+0xf106>
 5da:	4505                	li	a0,1
 5dc:	cff9                	beqz	a5,6ba <cyw_init+0x1b4>
 5de:	479c                	lw	a5,8(a5)
 5e0:	cfe9                	beqz	a5,6ba <cyw_init+0x1b4>
 5e2:	9782                	jalr	a5
 5e4:	87aa                	mv	a5,a0
 5e6:	4505                	li	a0,1
 5e8:	efb5                	bnez	a5,664 <cyw_init+0x15e>
 5ea:	00c14783          	lbu	a5,12(sp)
 5ee:	0407f793          	andi	a5,a5,64
 5f2:	dbe9                	beqz	a5,5c4 <cyw_init+0xbe>
 5f4:	006c                	addi	a1,sp,12
 5f6:	33000513          	li	a0,816
 5fa:	3159                	jal	280 <cyw_sdio_read32>
 5fc:	e52d                	bnez	a0,666 <cyw_init+0x160>
 5fe:	47b2                	lw	a5,12(sp)
 600:	6739                	lui	a4,0xe
 602:	8cc70713          	addi	a4,a4,-1844 # d8cc <_erodata+0xc9c4>
 606:	01079693          	slli	a3,a5,0x10
 60a:	83c1                	srli	a5,a5,0x10
 60c:	82c1                	srli	a3,a3,0x10
 60e:	8bbd                	andi	a5,a5,15
 610:	00f9a423          	sw	a5,8(s3)
 614:	00d9a223          	sw	a3,4(s3)
 618:	0ae69163          	bne	a3,a4,6ba <cyw_init+0x1b4>
 61c:	50bc                	lw	a5,96(s1)
 61e:	003a0737          	lui	a4,0x3a0
 622:	00e9a823          	sw	a4,16(s3)
 626:	4fd8                	lw	a4,28(a5)
 628:	c709                	beqz	a4,632 <cyw_init+0x12c>
 62a:	4585                	li	a1,1
 62c:	4509                	li	a0,2
 62e:	9702                	jalr	a4
 630:	50bc                	lw	a5,96(s1)
 632:	06300413          	li	s0,99
 636:	00b10613          	addi	a2,sp,11
 63a:	458d                	li	a1,3
 63c:	4501                	li	a0,0
 63e:	cf99                	beqz	a5,65c <cyw_init+0x156>
 640:	4798                	lw	a4,8(a5)
 642:	cb09                	beqz	a4,654 <cyw_init+0x14e>
 644:	9702                	jalr	a4
 646:	e509                	bnez	a0,650 <cyw_init+0x14a>
 648:	00b14783          	lbu	a5,11(sp)
 64c:	8b91                	andi	a5,a5,4
 64e:	e39d                	bnez	a5,674 <cyw_init+0x16e>
 650:	50bc                	lw	a5,96(s1)
 652:	c789                	beqz	a5,65c <cyw_init+0x156>
 654:	57dc                	lw	a5,44(a5)
 656:	4505                	li	a0,1
 658:	c391                	beqz	a5,65c <cyw_init+0x156>
 65a:	9782                	jalr	a5
 65c:	cc21                	beqz	s0,6b4 <cyw_init+0x1ae>
 65e:	50bc                	lw	a5,96(s1)
 660:	147d                	addi	s0,s0,-1
 662:	bfd1                	j	636 <cyw_init+0x130>
 664:	5569                	li	a0,-6
 666:	5902                	lw	s2,32(sp)
 668:	50b2                	lw	ra,44(sp)
 66a:	5422                	lw	s0,40(sp)
 66c:	5492                	lw	s1,36(sp)
 66e:	49f2                	lw	s3,28(sp)
 670:	6145                	addi	sp,sp,48
 672:	8082                	ret
 674:	c021                	beqz	s0,6b4 <cyw_init+0x1ae>
 676:	50bc                	lw	a5,96(s1)
 678:	c3a9                	beqz	a5,6ba <cyw_init+0x1b4>
 67a:	47dc                	lw	a5,12(a5)
 67c:	cf9d                	beqz	a5,6ba <cyw_init+0x1b4>
 67e:	65c1                	lui	a1,0x10
 680:	05a1                	addi	a1,a1,8 # 10008 <_erodata+0xf100>
 682:	04000613          	li	a2,64
 686:	4505                	li	a0,1
 688:	9782                	jalr	a5
 68a:	fd69                	bnez	a0,664 <cyw_init+0x15e>
 68c:	50bc                	lw	a5,96(s1)
 68e:	c795                	beqz	a5,6ba <cyw_init+0x1b4>
 690:	47dc                	lw	a5,12(a5)
 692:	c785                	beqz	a5,6ba <cyw_init+0x1b4>
 694:	461d                	li	a2,7
 696:	4591                	li	a1,4
 698:	9782                	jalr	a5
 69a:	e11d                	bnez	a0,6c0 <cyw_init+0x1ba>
 69c:	50b2                	lw	ra,44(sp)
 69e:	5422                	lw	s0,40(sp)
 6a0:	4785                	li	a5,1
 6a2:	00f9a023          	sw	a5,0(s3)
 6a6:	5902                	lw	s2,32(sp)
 6a8:	5492                	lw	s1,36(sp)
 6aa:	49f2                	lw	s3,28(sp)
 6ac:	6145                	addi	sp,sp,48
 6ae:	8082                	ret
 6b0:	d04a                	sw	s2,32(sp)
 6b2:	bd59                	j	548 <cyw_init+0x42>
 6b4:	5902                	lw	s2,32(sp)
 6b6:	5579                	li	a0,-2
 6b8:	bf45                	j	668 <cyw_init+0x162>
 6ba:	5902                	lw	s2,32(sp)
 6bc:	5575                	li	a0,-3
 6be:	b76d                	j	668 <cyw_init+0x162>
 6c0:	5902                	lw	s2,32(sp)
 6c2:	5569                	li	a0,-6
 6c4:	b755                	j	668 <cyw_init+0x162>
 6c6:	5575                	li	a0,-3
 6c8:	8082                	ret

000006ca <cyw_deinit>:
 6ca:	100007b7          	lui	a5,0x10000
 6ce:	00078793          	mv	a5,a5
 6d2:	4398                	lw	a4,0(a5)
 6d4:	e311                	bnez	a4,6d8 <cyw_deinit+0xe>
 6d6:	8082                	ret
 6d8:	6685                	lui	a3,0x1
 6da:	96be                	add	a3,a3,a5
 6dc:	52b8                	lw	a4,96(a3)
 6de:	1141                	addi	sp,sp,-16
 6e0:	c606                	sw	ra,12(sp)
 6e2:	c315                	beqz	a4,706 <cyw_deinit+0x3c>
 6e4:	00c72803          	lw	a6,12(a4) # 3a000c <_erodata+0x39f104>
 6e8:	00080f63          	beqz	a6,706 <cyw_deinit+0x3c>
 6ec:	4601                	li	a2,0
 6ee:	4591                	li	a1,4
 6f0:	4501                	li	a0,0
 6f2:	9802                	jalr	a6
 6f4:	100017b7          	lui	a5,0x10001
 6f8:	00078693          	mv	a3,a5
 6fc:	52b8                	lw	a4,96(a3)
 6fe:	100007b7          	lui	a5,0x10000
 702:	00078793          	mv	a5,a5
 706:	4f50                	lw	a2,28(a4)
 708:	c615                	beqz	a2,734 <cyw_deinit+0x6a>
 70a:	c422                	sw	s0,8(sp)
 70c:	4581                	li	a1,0
 70e:	4509                	li	a0,2
 710:	9602                	jalr	a2
 712:	10001437          	lui	s0,0x10001
 716:	00040693          	mv	a3,s0
 71a:	52b8                	lw	a4,96(a3)
 71c:	4581                	li	a1,0
 71e:	4505                	li	a0,1
 720:	4f58                	lw	a4,28(a4)
 722:	9702                	jalr	a4
 724:	00040693          	mv	a3,s0
 728:	52b8                	lw	a4,96(a3)
 72a:	4422                	lw	s0,8(sp)
 72c:	100007b7          	lui	a5,0x10000
 730:	00078793          	mv	a5,a5
 734:	4358                	lw	a4,4(a4)
 736:	c711                	beqz	a4,742 <cyw_deinit+0x78>
 738:	9702                	jalr	a4
 73a:	100007b7          	lui	a5,0x10000
 73e:	00078793          	mv	a5,a5
 742:	40b2                	lw	ra,12(sp)
 744:	0007a023          	sw	zero,0(a5) # 10000000 <g_cyw_dev>
 748:	0141                	addi	sp,sp,16
 74a:	8082                	ret

0000074c <cyw_up>:
 74c:	1141                	addi	sp,sp,-16
 74e:	c422                	sw	s0,8(sp)
 750:	10000437          	lui	s0,0x10000
 754:	00042783          	lw	a5,0(s0) # 10000000 <g_cyw_dev>
 758:	c606                	sw	ra,12(sp)
 75a:	4509                	li	a0,2
 75c:	00f57e63          	bgeu	a0,a5,778 <cyw_up+0x2c>
 760:	4685                	li	a3,1
 762:	4601                	li	a2,0
 764:	4581                	li	a1,0
 766:	36bd                	jal	2d4 <cyw_ioctl>
 768:	e501                	bnez	a0,770 <cyw_up+0x24>
 76a:	4791                	li	a5,4
 76c:	00f42023          	sw	a5,0(s0)
 770:	40b2                	lw	ra,12(sp)
 772:	4422                	lw	s0,8(sp)
 774:	0141                	addi	sp,sp,16
 776:	8082                	ret
 778:	5561                	li	a0,-8
 77a:	bfdd                	j	770 <cyw_up+0x24>

0000077c <cyw_get_chip_info>:
 77c:	cd11                	beqz	a0,798 <cyw_get_chip_info+0x1c>
 77e:	100005b7          	lui	a1,0x10000
 782:	1141                	addi	sp,sp,-16
 784:	00458593          	addi	a1,a1,4 # 10000004 <g_cyw_dev+0x4>
 788:	02000613          	li	a2,32
 78c:	c606                	sw	ra,12(sp)
 78e:	2de5                	jal	e86 <memcpy>
 790:	40b2                	lw	ra,12(sp)
 792:	4501                	li	a0,0
 794:	0141                	addi	sp,sp,16
 796:	8082                	ret
 798:	5575                	li	a0,-3
 79a:	8082                	ret

0000079c <cyw_get_state>:
 79c:	100007b7          	lui	a5,0x10000
 7a0:	0007a503          	lw	a0,0(a5) # 10000000 <g_cyw_dev>
 7a4:	8082                	ret

000007a6 <cyw_poll>:
 7a6:	100007b7          	lui	a5,0x10000
 7aa:	00078793          	mv	a5,a5
 7ae:	4394                	lw	a3,0(a5)
 7b0:	4709                	li	a4,2
 7b2:	00d77e63          	bgeu	a4,a3,7ce <cyw_poll+0x28>
 7b6:	6705                	lui	a4,0x1
 7b8:	97ba                	add	a5,a5,a4
 7ba:	53bc                	lw	a5,96(a5)
 7bc:	53dc                	lw	a5,36(a5)
 7be:	cb81                	beqz	a5,7ce <cyw_poll+0x28>
 7c0:	1101                	addi	sp,sp,-32
 7c2:	ce06                	sw	ra,28(sp)
 7c4:	9782                	jalr	a5
 7c6:	e509                	bnez	a0,7d0 <cyw_poll+0x2a>
 7c8:	40f2                	lw	ra,28(sp)
 7ca:	6105                	addi	sp,sp,32
 7cc:	8082                	ret
 7ce:	8082                	ret
 7d0:	100015b7          	lui	a1,0x10001
 7d4:	0070                	addi	a2,sp,12
 7d6:	00b10513          	addi	a0,sp,11
 7da:	86058593          	addi	a1,a1,-1952 # 10000860 <__global_pointer$+0x60>
 7de:	3a11                	jal	f2 <recv_sdpcm_frame>
 7e0:	40f2                	lw	ra,28(sp)
 7e2:	6105                	addi	sp,sp,32
 7e4:	8082                	ret

000007e6 <litex_delay_us>:
 7e6:	06400793          	li	a5,100
 7ea:	02f50533          	mul	a0,a0,a5
 7ee:	1141                	addi	sp,sp,-16
 7f0:	c62a                	sw	a0,12(sp)
 7f2:	47b2                	lw	a5,12(sp)
 7f4:	fff78713          	addi	a4,a5,-1 # fffffff <_erodata+0xffff0f7>
 7f8:	c63a                	sw	a4,12(sp)
 7fa:	c799                	beqz	a5,808 <litex_delay_us+0x22>
 7fc:	0001                	nop
 7fe:	47b2                	lw	a5,12(sp)
 800:	fff78713          	addi	a4,a5,-1
 804:	c63a                	sw	a4,12(sp)
 806:	fbfd                	bnez	a5,7fc <litex_delay_us+0x16>
 808:	0141                	addi	sp,sp,16
 80a:	8082                	ret

0000080c <litex_delay_ms>:
 80c:	c90d                	beqz	a0,83e <litex_delay_ms+0x32>
 80e:	6661                	lui	a2,0x18
 810:	1141                	addi	sp,sp,-16
 812:	fff50693          	addi	a3,a0,-1
 816:	6a060613          	addi	a2,a2,1696 # 186a0 <_erodata+0x17798>
 81a:	55fd                	li	a1,-1
 81c:	c632                	sw	a2,12(sp)
 81e:	47b2                	lw	a5,12(sp)
 820:	fff78713          	addi	a4,a5,-1
 824:	c63a                	sw	a4,12(sp)
 826:	c799                	beqz	a5,834 <litex_delay_ms+0x28>
 828:	0001                	nop
 82a:	47b2                	lw	a5,12(sp)
 82c:	fff78713          	addi	a4,a5,-1
 830:	c63a                	sw	a4,12(sp)
 832:	fbfd                	bnez	a5,828 <litex_delay_ms+0x1c>
 834:	16fd                	addi	a3,a3,-1 # fff <_erodata+0xf7>
 836:	feb693e3          	bne	a3,a1,81c <litex_delay_ms+0x10>
 83a:	0141                	addi	sp,sp,16
 83c:	8082                	ret
 83e:	8082                	ret

00000840 <litex_sdio_enable_irq>:
 840:	4501                	li	a0,0
 842:	8082                	ret

00000844 <litex_sdio_irq_pending>:
 844:	4501                	li	a0,0
 846:	8082                	ret

00000848 <litex_sdio_deinit>:
 848:	100017b7          	lui	a5,0x10001
 84c:	06078223          	sb	zero,100(a5) # 10001064 <sdio_state>
 850:	8082                	ret

00000852 <litex_sdio_cmd53_write>:
 852:	8000e7b7          	lui	a5,0x8000e
 856:	c394                	sw	a3,0(a5)
 858:	0026de93          	srli	t4,a3,0x2
 85c:	020e8363          	beqz	t4,882 <litex_sdio_cmd53_write+0x30>
 860:	002e9313          	slli	t1,t4,0x2
 864:	80004e37          	lui	t3,0x80004
 868:	9332                	add	t1,t1,a2
 86a:	40ce0e33          	sub	t3,t3,a2
 86e:	87b2                	mv	a5,a2
 870:	0007a883          	lw	a7,0(a5) # 8000e000 <_fstack+0x7000c000>
 874:	00fe0833          	add	a6,t3,a5
 878:	0791                	addi	a5,a5,4
 87a:	01182023          	sw	a7,0(a6)
 87e:	fef319e3          	bne	t1,a5,870 <litex_sdio_cmd53_write+0x1e>
 882:	0036f813          	andi	a6,a3,3
 886:	02080863          	beqz	a6,8b6 <litex_sdio_cmd53_write+0x64>
 88a:	0e8a                	slli	t4,t4,0x2
 88c:	01d607b3          	add	a5,a2,t4
 890:	00381893          	slli	a7,a6,0x3
 894:	4601                	li	a2,0
 896:	4301                	li	t1,0
 898:	0007c803          	lbu	a6,0(a5)
 89c:	0785                	addi	a5,a5,1
 89e:	00c81833          	sll	a6,a6,a2
 8a2:	0621                	addi	a2,a2,8
 8a4:	01036333          	or	t1,t1,a6
 8a8:	fec898e3          	bne	a7,a2,898 <litex_sdio_cmd53_write+0x46>
 8ac:	800047b7          	lui	a5,0x80004
 8b0:	9ebe                	add	t4,t4,a5
 8b2:	006ea023          	sw	t1,0(t4)
 8b6:	00757793          	andi	a5,a0,7
 8ba:	04000637          	lui	a2,0x4000
 8be:	01a71513          	slli	a0,a4,0x1a
 8c2:	07f2                	slli	a5,a5,0x1c
 8c4:	00959713          	slli	a4,a1,0x9
 8c8:	e0060613          	addi	a2,a2,-512 # 3fffe00 <_erodata+0x3ffeef8>
 8cc:	1ff6f693          	andi	a3,a3,511
 8d0:	8fc9                	or	a5,a5,a0
 8d2:	800005b7          	lui	a1,0x80000
 8d6:	8f71                	and	a4,a4,a2
 8d8:	8f55                	or	a4,a4,a3
 8da:	8fcd                	or	a5,a5,a1
 8dc:	8fd9                	or	a5,a5,a4
 8de:	03500693          	li	a3,53
 8e2:	80002737          	lui	a4,0x80002
 8e6:	c314                	sw	a3,0(a4)
 8e8:	80003737          	lui	a4,0x80003
 8ec:	c31c                	sw	a5,0(a4)
 8ee:	80007737          	lui	a4,0x80007
 8f2:	431c                	lw	a5,0(a4)
 8f4:	fffd                	bnez	a5,8f2 <litex_sdio_cmd53_write+0xa0>
 8f6:	8000a6b7          	lui	a3,0x8000a
 8fa:	429c                	lw	a5,0(a3)
 8fc:	8000b5b7          	lui	a1,0x8000b
 900:	3e800613          	li	a2,1000
 904:	e399                	bnez	a5,90a <litex_sdio_cmd53_write+0xb8>
 906:	419c                	lw	a5,0(a1)
 908:	cba9                	beqz	a5,95a <litex_sdio_cmd53_write+0x108>
 90a:	1141                	addi	sp,sp,-16
 90c:	c632                	sw	a2,12(sp)
 90e:	47b2                	lw	a5,12(sp)
 910:	fff78713          	addi	a4,a5,-1 # 80003fff <_fstack+0x70001fff>
 914:	c63a                	sw	a4,12(sp)
 916:	c799                	beqz	a5,924 <litex_sdio_cmd53_write+0xd2>
 918:	0001                	nop
 91a:	47b2                	lw	a5,12(sp)
 91c:	fff78713          	addi	a4,a5,-1
 920:	c63a                	sw	a4,12(sp)
 922:	fbfd                	bnez	a5,918 <litex_sdio_cmd53_write+0xc6>
 924:	429c                	lw	a5,0(a3)
 926:	f3fd                	bnez	a5,90c <litex_sdio_cmd53_write+0xba>
 928:	419c                	lw	a5,0(a1)
 92a:	f3ed                	bnez	a5,90c <litex_sdio_cmd53_write+0xba>
 92c:	8000c7b7          	lui	a5,0x8000c
 930:	439c                	lw	a5,0(a5)
 932:	8b85                	andi	a5,a5,1
 934:	efb9                	bnez	a5,992 <litex_sdio_cmd53_write+0x140>
 936:	8000d7b7          	lui	a5,0x8000d
 93a:	439c                	lw	a5,0(a5)
 93c:	8b8d                	andi	a5,a5,3
 93e:	eba1                	bnez	a5,98e <litex_sdio_cmd53_write+0x13c>
 940:	800037b7          	lui	a5,0x80003
 944:	4388                	lw	a0,0(a5)
 946:	67b5                	lui	a5,0xd
 948:	b0078793          	addi	a5,a5,-1280 # cb00 <_erodata+0xbbf8>
 94c:	8d7d                	and	a0,a0,a5
 94e:	00a03533          	snez	a0,a0
 952:	40a00533          	neg	a0,a0
 956:	0141                	addi	sp,sp,16
 958:	8082                	ret
 95a:	8000c7b7          	lui	a5,0x8000c
 95e:	439c                	lw	a5,0(a5)
 960:	8b85                	andi	a5,a5,1
 962:	e395                	bnez	a5,986 <litex_sdio_cmd53_write+0x134>
 964:	8000d7b7          	lui	a5,0x8000d
 968:	439c                	lw	a5,0(a5)
 96a:	8b8d                	andi	a5,a5,3
 96c:	ef99                	bnez	a5,98a <litex_sdio_cmd53_write+0x138>
 96e:	800037b7          	lui	a5,0x80003
 972:	4388                	lw	a0,0(a5)
 974:	67b5                	lui	a5,0xd
 976:	b0078793          	addi	a5,a5,-1280 # cb00 <_erodata+0xbbf8>
 97a:	8d7d                	and	a0,a0,a5
 97c:	00a03533          	snez	a0,a0
 980:	40a00533          	neg	a0,a0
 984:	8082                	ret
 986:	5579                	li	a0,-2
 988:	8082                	ret
 98a:	557d                	li	a0,-1
 98c:	8082                	ret
 98e:	557d                	li	a0,-1
 990:	b7d9                	j	956 <litex_sdio_cmd53_write+0x104>
 992:	5579                	li	a0,-2
 994:	b7c9                	j	956 <litex_sdio_cmd53_write+0x104>

00000996 <litex_sdio_cmd53_read>:
 996:	04000837          	lui	a6,0x4000
 99a:	00757793          	andi	a5,a0,7
 99e:	e0080813          	addi	a6,a6,-512 # 3fffe00 <_erodata+0x3ffeef8>
 9a2:	05a6                	slli	a1,a1,0x9
 9a4:	0105f5b3          	and	a1,a1,a6
 9a8:	076a                	slli	a4,a4,0x1a
 9aa:	07f2                	slli	a5,a5,0x1c
 9ac:	1ff6f813          	andi	a6,a3,511
 9b0:	8fd9                	or	a5,a5,a4
 9b2:	8000e537          	lui	a0,0x8000e
 9b6:	0105e733          	or	a4,a1,a6
 9ba:	c114                	sw	a3,0(a0)
 9bc:	8fd9                	or	a5,a5,a4
 9be:	03500593          	li	a1,53
 9c2:	80002737          	lui	a4,0x80002
 9c6:	c30c                	sw	a1,0(a4)
 9c8:	80003737          	lui	a4,0x80003
 9cc:	c31c                	sw	a5,0(a4)
 9ce:	80006737          	lui	a4,0x80006
 9d2:	431c                	lw	a5,0(a4)
 9d4:	fffd                	bnez	a5,9d2 <litex_sdio_cmd53_read+0x3c>
 9d6:	8000a5b7          	lui	a1,0x8000a
 9da:	419c                	lw	a5,0(a1)
 9dc:	8000b837          	lui	a6,0x8000b
 9e0:	3e800513          	li	a0,1000
 9e4:	e781                	bnez	a5,9ec <litex_sdio_cmd53_read+0x56>
 9e6:	00082783          	lw	a5,0(a6) # 8000b000 <_fstack+0x70009000>
 9ea:	cfd1                	beqz	a5,a86 <litex_sdio_cmd53_read+0xf0>
 9ec:	1141                	addi	sp,sp,-16
 9ee:	c62a                	sw	a0,12(sp)
 9f0:	47b2                	lw	a5,12(sp)
 9f2:	fff78713          	addi	a4,a5,-1
 9f6:	c63a                	sw	a4,12(sp)
 9f8:	c799                	beqz	a5,a06 <litex_sdio_cmd53_read+0x70>
 9fa:	0001                	nop
 9fc:	47b2                	lw	a5,12(sp)
 9fe:	fff78713          	addi	a4,a5,-1
 a02:	c63a                	sw	a4,12(sp)
 a04:	fbfd                	bnez	a5,9fa <litex_sdio_cmd53_read+0x64>
 a06:	419c                	lw	a5,0(a1)
 a08:	f3fd                	bnez	a5,9ee <litex_sdio_cmd53_read+0x58>
 a0a:	00082783          	lw	a5,0(a6)
 a0e:	f3e5                	bnez	a5,9ee <litex_sdio_cmd53_read+0x58>
 a10:	8000c7b7          	lui	a5,0x8000c
 a14:	439c                	lw	a5,0(a5)
 a16:	8b85                	andi	a5,a5,1
 a18:	e7fd                	bnez	a5,b06 <litex_sdio_cmd53_read+0x170>
 a1a:	8000d7b7          	lui	a5,0x8000d
 a1e:	439c                	lw	a5,0(a5)
 a20:	8b8d                	andi	a5,a5,3
 a22:	efe1                	bnez	a5,afa <litex_sdio_cmd53_read+0x164>
 a24:	800037b7          	lui	a5,0x80003
 a28:	438c                	lw	a1,0(a5)
 a2a:	67b5                	lui	a5,0xd
 a2c:	b0078793          	addi	a5,a5,-1280 # cb00 <_erodata+0xbbf8>
 a30:	8dfd                	and	a1,a1,a5
 a32:	e5e1                	bnez	a1,afa <litex_sdio_cmd53_read+0x164>
 a34:	0026d893          	srli	a7,a3,0x2
 a38:	02088263          	beqz	a7,a5c <litex_sdio_cmd53_read+0xc6>
 a3c:	00289513          	slli	a0,a7,0x2
 a40:	80004837          	lui	a6,0x80004
 a44:	9532                	add	a0,a0,a2
 a46:	40c80833          	sub	a6,a6,a2
 a4a:	87b2                	mv	a5,a2
 a4c:	00f80733          	add	a4,a6,a5
 a50:	4318                	lw	a4,0(a4)
 a52:	0791                	addi	a5,a5,4
 a54:	fee7ae23          	sw	a4,-4(a5)
 a58:	fea79ae3          	bne	a5,a0,a4c <litex_sdio_cmd53_read+0xb6>
 a5c:	8a8d                	andi	a3,a3,3
 a5e:	c28d                	beqz	a3,a80 <litex_sdio_cmd53_read+0xea>
 a60:	088a                	slli	a7,a7,0x2
 a62:	800047b7          	lui	a5,0x80004
 a66:	97c6                	add	a5,a5,a7
 a68:	4388                	lw	a0,0(a5)
 a6a:	068e                	slli	a3,a3,0x3
 a6c:	011607b3          	add	a5,a2,a7
 a70:	00b55733          	srl	a4,a0,a1
 a74:	00e78023          	sb	a4,0(a5) # 80004000 <_fstack+0x70002000>
 a78:	05a1                	addi	a1,a1,8 # 8000a008 <_fstack+0x70008008>
 a7a:	0785                	addi	a5,a5,1
 a7c:	fed59ae3          	bne	a1,a3,a70 <litex_sdio_cmd53_read+0xda>
 a80:	4501                	li	a0,0
 a82:	0141                	addi	sp,sp,16
 a84:	8082                	ret
 a86:	8000c7b7          	lui	a5,0x8000c
 a8a:	439c                	lw	a5,0(a5)
 a8c:	8b85                	andi	a5,a5,1
 a8e:	eba5                	bnez	a5,afe <litex_sdio_cmd53_read+0x168>
 a90:	8000d7b7          	lui	a5,0x8000d
 a94:	439c                	lw	a5,0(a5)
 a96:	8b8d                	andi	a5,a5,3
 a98:	e7ad                	bnez	a5,b02 <litex_sdio_cmd53_read+0x16c>
 a9a:	800037b7          	lui	a5,0x80003
 a9e:	438c                	lw	a1,0(a5)
 aa0:	67b5                	lui	a5,0xd
 aa2:	b0078793          	addi	a5,a5,-1280 # cb00 <_erodata+0xbbf8>
 aa6:	8dfd                	and	a1,a1,a5
 aa8:	eda9                	bnez	a1,b02 <litex_sdio_cmd53_read+0x16c>
 aaa:	0026d893          	srli	a7,a3,0x2
 aae:	02088263          	beqz	a7,ad2 <litex_sdio_cmd53_read+0x13c>
 ab2:	00289513          	slli	a0,a7,0x2
 ab6:	80004837          	lui	a6,0x80004
 aba:	9532                	add	a0,a0,a2
 abc:	40c80833          	sub	a6,a6,a2
 ac0:	87b2                	mv	a5,a2
 ac2:	00f80733          	add	a4,a6,a5
 ac6:	4318                	lw	a4,0(a4)
 ac8:	0791                	addi	a5,a5,4
 aca:	fee7ae23          	sw	a4,-4(a5)
 ace:	fea79ae3          	bne	a5,a0,ac2 <litex_sdio_cmd53_read+0x12c>
 ad2:	8a8d                	andi	a3,a3,3
 ad4:	c28d                	beqz	a3,af6 <litex_sdio_cmd53_read+0x160>
 ad6:	088a                	slli	a7,a7,0x2
 ad8:	800047b7          	lui	a5,0x80004
 adc:	97c6                	add	a5,a5,a7
 ade:	4388                	lw	a0,0(a5)
 ae0:	068e                	slli	a3,a3,0x3
 ae2:	011607b3          	add	a5,a2,a7
 ae6:	00b55733          	srl	a4,a0,a1
 aea:	00e78023          	sb	a4,0(a5) # 80004000 <_fstack+0x70002000>
 aee:	05a1                	addi	a1,a1,8
 af0:	0785                	addi	a5,a5,1
 af2:	fed59ae3          	bne	a1,a3,ae6 <litex_sdio_cmd53_read+0x150>
 af6:	4501                	li	a0,0
 af8:	8082                	ret
 afa:	557d                	li	a0,-1
 afc:	b759                	j	a82 <litex_sdio_cmd53_read+0xec>
 afe:	5579                	li	a0,-2
 b00:	8082                	ret
 b02:	557d                	li	a0,-1
 b04:	8082                	ret
 b06:	5579                	li	a0,-2
 b08:	bfad                	j	a82 <litex_sdio_cmd53_read+0xec>

00000b0a <send_command.isra.0>:
 b0a:	800026b7          	lui	a3,0x80002
 b0e:	80003737          	lui	a4,0x80003
 b12:	c288                	sw	a0,0(a3)
 b14:	c30c                	sw	a1,0(a4)
 b16:	80005737          	lui	a4,0x80005
 b1a:	431c                	lw	a5,0(a4)
 b1c:	fffd                	bnez	a5,b1a <send_command.isra.0+0x10>
 b1e:	8000a537          	lui	a0,0x8000a
 b22:	411c                	lw	a5,0(a0)
 b24:	65e1                	lui	a1,0x18
 b26:	6a058593          	addi	a1,a1,1696 # 186a0 <_erodata+0x17798>
 b2a:	06400693          	li	a3,100
 b2e:	c3b1                	beqz	a5,b72 <send_command.isra.0+0x68>
 b30:	1141                	addi	sp,sp,-16
 b32:	c62e                	sw	a1,12(sp)
 b34:	47b2                	lw	a5,12(sp)
 b36:	fff78713          	addi	a4,a5,-1
 b3a:	c63a                	sw	a4,12(sp)
 b3c:	c799                	beqz	a5,b4a <send_command.isra.0+0x40>
 b3e:	0001                	nop
 b40:	47b2                	lw	a5,12(sp)
 b42:	fff78713          	addi	a4,a5,-1
 b46:	c63a                	sw	a4,12(sp)
 b48:	fbfd                	bnez	a5,b3e <send_command.isra.0+0x34>
 b4a:	16fd                	addi	a3,a3,-1 # 80001fff <_fstack+0x6fffffff>
 b4c:	c285                	beqz	a3,b6c <send_command.isra.0+0x62>
 b4e:	411c                	lw	a5,0(a0)
 b50:	f3ed                	bnez	a5,b32 <send_command.isra.0+0x28>
 b52:	8000c7b7          	lui	a5,0x8000c
 b56:	439c                	lw	a5,0(a5)
 b58:	8b85                	andi	a5,a5,1
 b5a:	eb89                	bnez	a5,b6c <send_command.isra.0+0x62>
 b5c:	c609                	beqz	a2,b66 <send_command.isra.0+0x5c>
 b5e:	800037b7          	lui	a5,0x80003
 b62:	439c                	lw	a5,0(a5)
 b64:	c21c                	sw	a5,0(a2)
 b66:	4501                	li	a0,0
 b68:	0141                	addi	sp,sp,16
 b6a:	8082                	ret
 b6c:	5579                	li	a0,-2
 b6e:	0141                	addi	sp,sp,16
 b70:	8082                	ret
 b72:	8000c7b7          	lui	a5,0x8000c
 b76:	439c                	lw	a5,0(a5)
 b78:	8b85                	andi	a5,a5,1
 b7a:	eb81                	bnez	a5,b8a <send_command.isra.0+0x80>
 b7c:	c609                	beqz	a2,b86 <send_command.isra.0+0x7c>
 b7e:	800037b7          	lui	a5,0x80003
 b82:	439c                	lw	a5,0(a5)
 b84:	c21c                	sw	a5,0(a2)
 b86:	4501                	li	a0,0
 b88:	8082                	ret
 b8a:	5579                	li	a0,-2
 b8c:	8082                	ret

00000b8e <litex_sdio_cmd52_write>:
 b8e:	891d                	andi	a0,a0,7
 b90:	040007b7          	lui	a5,0x4000
 b94:	0572                	slli	a0,a0,0x1c
 b96:	05a6                	slli	a1,a1,0x9
 b98:	e0078793          	addi	a5,a5,-512 # 3fffe00 <_erodata+0x3ffeef8>
 b9c:	8d51                	or	a0,a0,a2
 b9e:	8dfd                	and	a1,a1,a5
 ba0:	1101                	addi	sp,sp,-32
 ba2:	8d4d                	or	a0,a0,a1
 ba4:	800005b7          	lui	a1,0x80000
 ba8:	8dc9                	or	a1,a1,a0
 baa:	0070                	addi	a2,sp,12
 bac:	03400513          	li	a0,52
 bb0:	ce06                	sw	ra,28(sp)
 bb2:	3fa1                	jal	b0a <send_command.isra.0>
 bb4:	ed09                	bnez	a0,bce <litex_sdio_cmd52_write+0x40>
 bb6:	4532                	lw	a0,12(sp)
 bb8:	67b5                	lui	a5,0xd
 bba:	b0078793          	addi	a5,a5,-1280 # cb00 <_erodata+0xbbf8>
 bbe:	8d7d                	and	a0,a0,a5
 bc0:	00a03533          	snez	a0,a0
 bc4:	40a00533          	neg	a0,a0
 bc8:	40f2                	lw	ra,28(sp)
 bca:	6105                	addi	sp,sp,32
 bcc:	8082                	ret
 bce:	5579                	li	a0,-2
 bd0:	bfe5                	j	bc8 <litex_sdio_cmd52_write+0x3a>

00000bd2 <litex_sdio_cmd52_read>:
 bd2:	040007b7          	lui	a5,0x4000
 bd6:	891d                	andi	a0,a0,7
 bd8:	05a6                	slli	a1,a1,0x9
 bda:	e0078793          	addi	a5,a5,-512 # 3fffe00 <_erodata+0x3ffeef8>
 bde:	1101                	addi	sp,sp,-32
 be0:	0572                	slli	a0,a0,0x1c
 be2:	8dfd                	and	a1,a1,a5
 be4:	cc22                	sw	s0,24(sp)
 be6:	8dc9                	or	a1,a1,a0
 be8:	8432                	mv	s0,a2
 bea:	03400513          	li	a0,52
 bee:	0070                	addi	a2,sp,12
 bf0:	ce06                	sw	ra,28(sp)
 bf2:	3f21                	jal	b0a <send_command.isra.0>
 bf4:	ed09                	bnez	a0,c0e <litex_sdio_cmd52_read+0x3c>
 bf6:	47b2                	lw	a5,12(sp)
 bf8:	0087d713          	srli	a4,a5,0x8
 bfc:	0cb77713          	andi	a4,a4,203
 c00:	eb09                	bnez	a4,c12 <litex_sdio_cmd52_read+0x40>
 c02:	00f40023          	sb	a5,0(s0)
 c06:	40f2                	lw	ra,28(sp)
 c08:	4462                	lw	s0,24(sp)
 c0a:	6105                	addi	sp,sp,32
 c0c:	8082                	ret
 c0e:	5579                	li	a0,-2
 c10:	bfdd                	j	c06 <litex_sdio_cmd52_read+0x34>
 c12:	557d                	li	a0,-1
 c14:	bfcd                	j	c06 <litex_sdio_cmd52_read+0x34>

00000c16 <litex_sdio_enable_func>:
 c16:	1101                	addi	sp,sp,-32
 c18:	cc22                	sw	s0,24(sp)
 c1a:	ca26                	sw	s1,20(sp)
 c1c:	842a                	mv	s0,a0
 c1e:	84ae                	mv	s1,a1
 c20:	0070                	addi	a2,sp,12
 c22:	40000593          	li	a1,1024
 c26:	03400513          	li	a0,52
 c2a:	ce06                	sw	ra,28(sp)
 c2c:	3df9                	jal	b0a <send_command.isra.0>
 c2e:	ed21                	bnez	a0,c86 <litex_sdio_enable_func+0x70>
 c30:	45b2                	lw	a1,12(sp)
 c32:	0085d793          	srli	a5,a1,0x8
 c36:	0cb7f793          	andi	a5,a5,203
 c3a:	eba1                	bnez	a5,c8a <litex_sdio_enable_func+0x74>
 c3c:	4785                	li	a5,1
 c3e:	008797b3          	sll	a5,a5,s0
 c42:	ec95                	bnez	s1,c7e <litex_sdio_enable_func+0x68>
 c44:	fff7c793          	not	a5,a5
 c48:	8dfd                	and	a1,a1,a5
 c4a:	0ff5f513          	zext.b	a0,a1
 c4e:	800005b7          	lui	a1,0x80000
 c52:	40058593          	addi	a1,a1,1024 # 80000400 <_fstack+0x6fffe400>
 c56:	8dc9                	or	a1,a1,a0
 c58:	0070                	addi	a2,sp,12
 c5a:	03400513          	li	a0,52
 c5e:	3575                	jal	b0a <send_command.isra.0>
 c60:	e11d                	bnez	a0,c86 <litex_sdio_enable_func+0x70>
 c62:	4532                	lw	a0,12(sp)
 c64:	67b5                	lui	a5,0xd
 c66:	b0078793          	addi	a5,a5,-1280 # cb00 <_erodata+0xbbf8>
 c6a:	8d7d                	and	a0,a0,a5
 c6c:	00a03533          	snez	a0,a0
 c70:	40a00533          	neg	a0,a0
 c74:	40f2                	lw	ra,28(sp)
 c76:	4462                	lw	s0,24(sp)
 c78:	44d2                	lw	s1,20(sp)
 c7a:	6105                	addi	sp,sp,32
 c7c:	8082                	ret
 c7e:	8ddd                	or	a1,a1,a5
 c80:	0ff5f513          	zext.b	a0,a1
 c84:	b7e9                	j	c4e <litex_sdio_enable_func+0x38>
 c86:	5579                	li	a0,-2
 c88:	b7f5                	j	c74 <litex_sdio_enable_func+0x5e>
 c8a:	557d                	li	a0,-1
 c8c:	b7e5                	j	c74 <litex_sdio_enable_func+0x5e>

00000c8e <litex_sdio_set_block_size>:
 c8e:	479d                	li	a5,7
 c90:	08a7e763          	bltu	a5,a0,d1e <litex_sdio_set_block_size+0x90>
 c94:	7179                	addi	sp,sp,-48
 c96:	d422                	sw	s0,40(sp)
 c98:	00851413          	slli	s0,a0,0x8
 c9c:	01040793          	addi	a5,s0,16
 ca0:	0ff5f713          	zext.b	a4,a1
 ca4:	07a6                	slli	a5,a5,0x9
 ca6:	ce4e                	sw	s3,28(sp)
 ca8:	8fd9                	or	a5,a5,a4
 caa:	800009b7          	lui	s3,0x80000
 cae:	d226                	sw	s1,36(sp)
 cb0:	d04a                	sw	s2,32(sp)
 cb2:	84ae                	mv	s1,a1
 cb4:	892a                	mv	s2,a0
 cb6:	0137e5b3          	or	a1,a5,s3
 cba:	0070                	addi	a2,sp,12
 cbc:	03400513          	li	a0,52
 cc0:	d606                	sw	ra,44(sp)
 cc2:	35a1                	jal	b0a <send_command.isra.0>
 cc4:	e939                	bnez	a0,d1a <litex_sdio_set_block_size+0x8c>
 cc6:	47b2                	lw	a5,12(sp)
 cc8:	0087d713          	srli	a4,a5,0x8
 ccc:	0cb77713          	andi	a4,a4,203
 cd0:	e339                	bnez	a4,d16 <litex_sdio_set_block_size+0x88>
 cd2:	0445                	addi	s0,s0,17
 cd4:	0426                	slli	s0,s0,0x9
 cd6:	0084d793          	srli	a5,s1,0x8
 cda:	8c5d                	or	s0,s0,a5
 cdc:	0070                	addi	a2,sp,12
 cde:	013465b3          	or	a1,s0,s3
 ce2:	03400513          	li	a0,52
 ce6:	3515                	jal	b0a <send_command.isra.0>
 ce8:	e90d                	bnez	a0,d1a <litex_sdio_set_block_size+0x8c>
 cea:	47b2                	lw	a5,12(sp)
 cec:	0087d713          	srli	a4,a5,0x8
 cf0:	0cb77713          	andi	a4,a4,203
 cf4:	e30d                	bnez	a4,d16 <litex_sdio_set_block_size+0x88>
 cf6:	10001737          	lui	a4,0x10001
 cfa:	00191793          	slli	a5,s2,0x1
 cfe:	06470713          	addi	a4,a4,100 # 10001064 <sdio_state>
 d02:	97ba                	add	a5,a5,a4
 d04:	00979223          	sh	s1,4(a5)
 d08:	50b2                	lw	ra,44(sp)
 d0a:	5422                	lw	s0,40(sp)
 d0c:	5492                	lw	s1,36(sp)
 d0e:	5902                	lw	s2,32(sp)
 d10:	49f2                	lw	s3,28(sp)
 d12:	6145                	addi	sp,sp,48
 d14:	8082                	ret
 d16:	557d                	li	a0,-1
 d18:	bfc5                	j	d08 <litex_sdio_set_block_size+0x7a>
 d1a:	5579                	li	a0,-2
 d1c:	b7f5                	j	d08 <litex_sdio_set_block_size+0x7a>
 d1e:	557d                	li	a0,-1
 d20:	8082                	ret

00000d22 <litex_sdio_init>:
 d22:	7179                	addi	sp,sp,-48
 d24:	d226                	sw	s1,36(sp)
 d26:	100014b7          	lui	s1,0x10001
 d2a:	4651                	li	a2,20
 d2c:	06448513          	addi	a0,s1,100 # 10001064 <sdio_state>
 d30:	4581                	li	a1,0
 d32:	d606                	sw	ra,44(sp)
 d34:	d422                	sw	s0,40(sp)
 d36:	2a35                	jal	e72 <memset>
 d38:	800007b7          	lui	a5,0x80000
 d3c:	439c                	lw	a5,0(a5)
 d3e:	6661                	lui	a2,0x18
 d40:	800017b7          	lui	a5,0x80001
 d44:	439c                	lw	a5,0(a5)
 d46:	6a060613          	addi	a2,a2,1696 # 186a0 <_erodata+0x17798>
 d4a:	46a9                	li	a3,10
 d4c:	c032                	sw	a2,0(sp)
 d4e:	4782                	lw	a5,0(sp)
 d50:	fff78713          	addi	a4,a5,-1 # 80000fff <_fstack+0x6fffefff>
 d54:	c03a                	sw	a4,0(sp)
 d56:	c799                	beqz	a5,d64 <litex_sdio_init+0x42>
 d58:	0001                	nop
 d5a:	4782                	lw	a5,0(sp)
 d5c:	fff78713          	addi	a4,a5,-1
 d60:	c03a                	sw	a4,0(sp)
 d62:	fbfd                	bnez	a5,d58 <litex_sdio_init+0x36>
 d64:	16fd                	addi	a3,a3,-1
 d66:	f2fd                	bnez	a3,d4c <litex_sdio_init+0x2a>
 d68:	4601                	li	a2,0
 d6a:	4581                	li	a1,0
 d6c:	4501                	li	a0,0
 d6e:	3b71                	jal	b0a <send_command.isra.0>
 d70:	6661                	lui	a2,0x18
 d72:	6a060613          	addi	a2,a2,1696 # 186a0 <_erodata+0x17798>
 d76:	46a9                	li	a3,10
 d78:	e92d                	bnez	a0,dea <litex_sdio_init+0xc8>
 d7a:	c232                	sw	a2,4(sp)
 d7c:	4792                	lw	a5,4(sp)
 d7e:	fff78713          	addi	a4,a5,-1
 d82:	c23a                	sw	a4,4(sp)
 d84:	c799                	beqz	a5,d92 <litex_sdio_init+0x70>
 d86:	0001                	nop
 d88:	4792                	lw	a5,4(sp)
 d8a:	fff78713          	addi	a4,a5,-1
 d8e:	c23a                	sw	a4,4(sp)
 d90:	fbfd                	bnez	a5,d86 <litex_sdio_init+0x64>
 d92:	16fd                	addi	a3,a3,-1
 d94:	f2fd                	bnez	a3,d7a <litex_sdio_init+0x58>
 d96:	0070                	addi	a2,sp,12
 d98:	4581                	li	a1,0
 d9a:	4515                	li	a0,5
 d9c:	33bd                	jal	b0a <send_command.isra.0>
 d9e:	e531                	bnez	a0,dea <litex_sdio_init+0xc8>
 da0:	6461                	lui	s0,0x18
 da2:	d04a                	sw	s2,32(sp)
 da4:	ce4e                	sw	s3,28(sp)
 da6:	6a040413          	addi	s0,s0,1696 # 186a0 <_erodata+0x17798>
 daa:	06300913          	li	s2,99
 dae:	59fd                	li	s3,-1
 db0:	0070                	addi	a2,sp,12
 db2:	00ff85b7          	lui	a1,0xff8
 db6:	4515                	li	a0,5
 db8:	3b89                	jal	b0a <send_command.isra.0>
 dba:	e515                	bnez	a0,de6 <litex_sdio_init+0xc4>
 dbc:	47b2                	lw	a5,12(sp)
 dbe:	0207cd63          	bltz	a5,df8 <litex_sdio_init+0xd6>
 dc2:	47a9                	li	a5,10
 dc4:	c422                	sw	s0,8(sp)
 dc6:	4722                	lw	a4,8(sp)
 dc8:	fff70693          	addi	a3,a4,-1
 dcc:	c436                	sw	a3,8(sp)
 dce:	c719                	beqz	a4,ddc <litex_sdio_init+0xba>
 dd0:	0001                	nop
 dd2:	4722                	lw	a4,8(sp)
 dd4:	fff70693          	addi	a3,a4,-1
 dd8:	c436                	sw	a3,8(sp)
 dda:	fb7d                	bnez	a4,dd0 <litex_sdio_init+0xae>
 ddc:	17fd                	addi	a5,a5,-1
 dde:	f3fd                	bnez	a5,dc4 <litex_sdio_init+0xa2>
 de0:	197d                	addi	s2,s2,-1
 de2:	fd3917e3          	bne	s2,s3,db0 <litex_sdio_init+0x8e>
 de6:	5902                	lw	s2,32(sp)
 de8:	49f2                	lw	s3,28(sp)
 dea:	5479                	li	s0,-2
 dec:	50b2                	lw	ra,44(sp)
 dee:	8522                	mv	a0,s0
 df0:	5422                	lw	s0,40(sp)
 df2:	5492                	lw	s1,36(sp)
 df4:	6145                	addi	sp,sp,48
 df6:	8082                	ret
 df8:	fe0907e3          	beqz	s2,de6 <litex_sdio_init+0xc4>
 dfc:	0070                	addi	a2,sp,12
 dfe:	4581                	li	a1,0
 e00:	450d                	li	a0,3
 e02:	3321                	jal	b0a <send_command.isra.0>
 e04:	f16d                	bnez	a0,de6 <litex_sdio_init+0xc4>
 e06:	47b2                	lw	a5,12(sp)
 e08:	75c1                	lui	a1,0xffff0
 e0a:	06448493          	addi	s1,s1,100
 e0e:	0107d713          	srli	a4,a5,0x10
 e12:	8dfd                	and	a1,a1,a5
 e14:	0070                	addi	a2,sp,12
 e16:	451d                	li	a0,7
 e18:	00e49123          	sh	a4,2(s1)
 e1c:	31fd                	jal	b0a <send_command.isra.0>
 e1e:	842a                	mv	s0,a0
 e20:	f179                	bnez	a0,de6 <litex_sdio_init+0xc4>
 e22:	6585                	lui	a1,0x1
 e24:	e0058593          	addi	a1,a1,-512 # e00 <litex_sdio_init+0xde>
 e28:	0070                	addi	a2,sp,12
 e2a:	03400513          	li	a0,52
 e2e:	39f1                	jal	b0a <send_command.isra.0>
 e30:	e115                	bnez	a0,e54 <litex_sdio_init+0x132>
 e32:	47b2                	lw	a5,12(sp)
 e34:	0087d713          	srli	a4,a5,0x8
 e38:	0cb77713          	andi	a4,a4,203
 e3c:	ef01                	bnez	a4,e54 <litex_sdio_init+0x132>
 e3e:	800015b7          	lui	a1,0x80001
 e42:	0fc7f793          	andi	a5,a5,252
 e46:	e0258593          	addi	a1,a1,-510 # 80000e02 <_fstack+0x6fffee02>
 e4a:	0070                	addi	a2,sp,12
 e4c:	8ddd                	or	a1,a1,a5
 e4e:	03400513          	li	a0,52
 e52:	3965                	jal	b0a <send_command.isra.0>
 e54:	50b2                	lw	ra,44(sp)
 e56:	8522                	mv	a0,s0
 e58:	5422                	lw	s0,40(sp)
 e5a:	4785                	li	a5,1
 e5c:	00f48023          	sb	a5,0(s1)
 e60:	5902                	lw	s2,32(sp)
 e62:	49f2                	lw	s3,28(sp)
 e64:	5492                	lw	s1,36(sp)
 e66:	6145                	addi	sp,sp,48
 e68:	8082                	ret

00000e6a <litex_get_sdio_ops>:
 e6a:	6505                	lui	a0,0x1
 e6c:	ed450513          	addi	a0,a0,-300 # ed4 <litex_sdio_ops>
 e70:	8082                	ret

00000e72 <memset>:
 e72:	00c50733          	add	a4,a0,a2
 e76:	87aa                	mv	a5,a0
 e78:	c611                	beqz	a2,e84 <memset+0x12>
 e7a:	0785                	addi	a5,a5,1
 e7c:	feb78fa3          	sb	a1,-1(a5)
 e80:	fef71de3          	bne	a4,a5,e7a <memset+0x8>
 e84:	8082                	ret

00000e86 <memcpy>:
 e86:	ca19                	beqz	a2,e9c <memcpy+0x16>
 e88:	962a                	add	a2,a2,a0
 e8a:	87aa                	mv	a5,a0
 e8c:	0005c703          	lbu	a4,0(a1)
 e90:	0785                	addi	a5,a5,1
 e92:	0585                	addi	a1,a1,1
 e94:	fee78fa3          	sb	a4,-1(a5)
 e98:	fef61ae3          	bne	a2,a5,e8c <memcpy+0x6>
 e9c:	8082                	ret

00000e9e <strlen>:
 e9e:	00054783          	lbu	a5,0(a0)
 ea2:	cb81                	beqz	a5,eb2 <strlen+0x14>
 ea4:	4781                	li	a5,0
 ea6:	0785                	addi	a5,a5,1
 ea8:	00f50733          	add	a4,a0,a5
 eac:	00074703          	lbu	a4,0(a4)
 eb0:	fb7d                	bnez	a4,ea6 <strlen+0x8>
 eb2:	853e                	mv	a0,a5
 eb4:	8082                	ret
